
     Program epsilon v.6.7MaX starts on 11Oct2023 at 10:57:16 

     This program is part of the open-source Quantum ESPRESSO suite
     for quantum simulation of materials; please cite
         "P. Giannozzi et al., J. Phys.:Condens. Matter 21 395502 (2009);
         "P. Giannozzi et al., J. Phys.:Condens. Matter 29 465901 (2017);
          URL http://www.quantum-espresso.org", 
     in publications or presentations arising from this work. More details at
     http://www.quantum-espresso.org/quote

     Parallel version (MPI), running on    12 processors

     MPI processes distributed on     1 nodes
     R & G space division:  proc/nbgrp/npool/nimage =      12


     Reading input file...
     Broadcasting variables...
     Reading PW restart file...

     Reading xml data from directory:

     ./tmp/Si.save/
     Message from routine read_pp_mesh:
     mesh size missing, using the one in header

     IMPORTANT: XC functional enforced from input :
     Exchange-correlation= PBE
                           (   1   4   3   4   0   0   0)
     Any further DFT definition will be discarded
     Please, verify this is what you really want


     Parallelization info
     --------------------
     sticks:   dense  smooth     PW     G-vecs:    dense   smooth      PW
     Min         121     121     36                 3050     3050     498
     Max         122     122     37                 3053     3053     501
     Sum        1459    1459    433                36613    36613    5985



     Fermi energy [eV] is:  6.21110
     The system is a dielectric...
     metallic system: redefining wmin =     0.000000

     Performing eps calculation...

     xx,yy,zz plasmon frequences [eV] are:    16.196260015   16.196174845   16.196271702

     Writing output on file...


     eps          :     12.52s CPU     17.30s WALL (       1 calls)
     dipole_calc  :     11.71s CPU     16.37s WALL (   13824 calls)


     epsilon      :     24.84s CPU     31.18s WALL


   This run was terminated on:  10:57:47  11Oct2023            

=------------------------------------------------------------------------------=
   JOB DONE.
=------------------------------------------------------------------------------=
