
     Program epsilon v.6.7MaX starts on  1Oct2023 at 17:12:56 

     This program is part of the open-source Quantum ESPRESSO suite
     for quantum simulation of materials; please cite
         "P. Giannozzi et al., J. Phys.:Condens. Matter 21 395502 (2009);
         "P. Giannozzi et al., J. Phys.:Condens. Matter 29 465901 (2017);
          URL http://www.quantum-espresso.org", 
     in publications or presentations arising from this work. More details at
     http://www.quantum-espresso.org/quote

     Parallel version (MPI), running on     1 processors

     MPI processes distributed on     1 nodes


     Reading input file...
     Broadcasting variables...
     Reading PW restart file...

     Reading xml data from directory:

     ../tmp/si.save/

     IMPORTANT: XC functional enforced from input :
     Exchange-correlation= PZ
                           (   1   1   0   0   0   0   0)
     Any further DFT definition will be discarded
     Please, verify this is what you really want


     G-vector sticks info
     --------------------
     sticks:   dense  smooth     PW     G-vecs:    dense   smooth      PW
     Sum         583     583    187                 9257     9257    1639



     Fermi energy [eV] is:  5.75698
     The system is a dielectric...
     metallic system: redefining wmin =     0.000000

     Performing eps calculation...

     xx,yy,zz plasmon frequences [eV] are:    17.329744694   17.329838922   17.330007889

     Writing output on file...


     eps          :      0.05s CPU      0.06s WALL (       1 calls)
     dipole_calc  :      0.03s CPU      0.03s WALL (      64 calls)


     epsilon      :      0.16s CPU      0.17s WALL


   This run was terminated on:  17:12:57   1Oct2023            

=------------------------------------------------------------------------------=
   JOB DONE.
=------------------------------------------------------------------------------=
